<?xml version="1.0" encoding="UTF-8"?>
<testsuite xmlns:xsi="http://www.w3.org/2001/XMLSchema-instance" xsi:noNamespaceSchemaLocation="https://maven.apache.org/surefire/maven-surefire-plugin/xsd/surefire-test-report.xsd" name="com.nowcoder.mavendemo1.app.AppTest" time="0.02" tests="1" errors="0" skipped="0" failures="0">
  <properties>
    <property name="sun.desktop" value="windows"/>
    <property name="awt.toolkit" value="sun.awt.windows.WToolkit"/>
    <property name="java.specification.version" value="12"/>
    <property name="sun.cpu.isalist" value="amd64"/>
    <property name="sun.jnu.encoding" value="GBK"/>
    <property name="java.class.path" value="E:\work\workspace\mavendemo1\target\test-classes;E:\work\workspace\mavendemo1\target\classes;C:\Users\94925\.m2\repository\junit\junit\4.11\junit-4.11.jar;C:\Users\94925\.m2\repository\org\hamcrest\hamcrest-core\1.3\hamcrest-core-1.3.jar;"/>
    <property name="java.vm.vendor" value="Oracle Corporation"/>
    <property name="sun.arch.data.model" value="64"/>
    <property name="user.variant" value=""/>
    <property name="java.vendor.url" value="https://java.oracle.com/"/>
    <property name="user.timezone" value="Asia/Shanghai"/>
    <property name="os.name" value="Windows 10"/>
    <property name="java.vm.specification.version" value="12"/>
    <property name="sun.java.launcher" value="SUN_STANDARD"/>
    <property name="user.country" value="CN"/>
    <property name="sun.boot.library.path" value="E:\work\jdk-12.0.1\bin"/>
    <property name="sun.java.command" value="C:\Users\94925\AppData\Local\Temp\surefire11777497889673589251\surefirebooter11483151107432663971.jar C:\Users\94925\AppData\Local\Temp\surefire11777497889673589251 2024-02-26T17-48-40_187-jvmRun1 surefire15657152631216891438tmp surefire_01483813924368644306tmp"/>
    <property name="jdk.debug" value="release"/>
    <property name="surefire.test.class.path" value="E:\work\workspace\mavendemo1\target\test-classes;E:\work\workspace\mavendemo1\target\classes;C:\Users\94925\.m2\repository\junit\junit\4.11\junit-4.11.jar;C:\Users\94925\.m2\repository\org\hamcrest\hamcrest-core\1.3\hamcrest-core-1.3.jar;"/>
    <property name="sun.cpu.endian" value="little"/>
    <property name="user.home" value="C:\Users\94925"/>
    <property name="user.language" value="zh"/>
    <property name="java.specification.vendor" value="Oracle Corporation"/>
    <property name="java.version.date" value="2019-04-16"/>
    <property name="java.home" value="E:\work\jdk-12.0.1"/>
    <property name="file.separator" value="\"/>
    <property name="basedir" value="E:\work\workspace\mavendemo1"/>
    <property name="java.vm.compressedOopsMode" value="Zero based"/>
    <property name="line.separator" value="&#10;"/>
    <property name="java.vm.specification.vendor" value="Oracle Corporation"/>
    <property name="java.specification.name" value="Java Platform API Specification"/>
    <property name="java.awt.graphicsenv" value="sun.awt.Win32GraphicsEnvironment"/>
    <property name="surefire.real.class.path" value="C:\Users\94925\AppData\Local\Temp\surefire11777497889673589251\surefirebooter11483151107432663971.jar"/>
    <property name="user.script" value=""/>
    <property name="sun.management.compiler" value="HotSpot 64-Bit Tiered Compilers"/>
    <property name="java.runtime.version" value="12.0.1+12"/>
    <property name="user.name" value="94925"/>
    <property name="path.separator" value=";"/>
    <property name="os.version" value="10.0"/>
    <property name="java.runtime.name" value="Java(TM) SE Runtime Environment"/>
    <property name="file.encoding" value="GBK"/>
    <property name="java.vm.name" value="Java HotSpot(TM) 64-Bit Server VM"/>
    <property name="localRepository" value="C:\Users\94925\.m2\repository"/>
    <property name="java.vendor.url.bug" value="https://bugreport.java.com/bugreport/"/>
    <property name="java.io.tmpdir" value="C:\Users\94925\AppData\Local\Temp\"/>
    <property name="java.version" value="12.0.1"/>
    <property name="user.dir" value="E:\work\workspace\mavendemo1"/>
    <property name="os.arch" value="amd64"/>
    <property name="java.vm.specification.name" value="Java Virtual Machine Specification"/>
    <property name="sun.os.patch.level" value=""/>
    <property name="java.library.path" value="E:\work\jdk-12.0.1\bin;C:\Windows\Sun\Java\bin;C:\Windows\system32;C:\Windows;D:\Anaconda\condabin;.;E:\work\jdk-12.0.1\bin;D:\VMware\VMware Workstation\bin\;D:\Anaconda\envs\MARL;E:\MySQL Server 8.0\bin;D:\gym-pybullet-drones-1.0.0\gym_pybullet_drones;C:\Users\94925\AppData\Local\Programs\Python\Python310;C:\Windows\system32;C:\Windows;C:\Windows\System32\Wbem;C:\Windows\System32\WindowsPowerShell\v1.0\;C:\Windows\System32\OpenSSH\;C:\Program Files (x86)\NVIDIA Corporation\PhysX\Common;C:\Program Files\NVIDIA Corporation\NVIDIA NvDLISR;D:\Anaconda\Scripts;D:\WebotsInfo\webots-released\include;C:\Program Files\dotnet\;D:\texlive\2022\bin\win32;C:\Program Files (x86)\Windows Kits\8.1\Windows Performance Toolkit\;D:\x86_64-8.1.0-release-posix-seh-rt_v6-rev0\mingw64\bin;D:\bin;C:\Program Files\Git\cmd;E:\MATLAB\MATLAB Runtime\v93\runtime\win64;E:\work\apache-maven-3.9.6\bin;D:\gym-pybullet-drones-1.0.0\gym_pybullet_drones;C:\Microsoft VS Code\bin;D:\Anaconda\Scripts;D:\WebotsInfo\webots-released\include;D:\Anaconda\envs\webots\Lib\site-packages;D:\JetBrains\PyCharm Community Edition 2022.2.3\bin;;D:\x86_64-8.1.0-release-posix-seh-rt_v6-rev0\mingw64\bin;E:\work\jdk-12.0.1\bin;;."/>
    <property name="java.vm.info" value="mixed mode, sharing"/>
    <property name="java.vendor" value="Oracle Corporation"/>
    <property name="java.vm.version" value="12.0.1+12"/>
    <property name="sun.io.unicode.encoding" value="UnicodeLittle"/>
    <property name="java.class.version" value="56.0"/>
  </properties>
  <testcase name="shouldAnswerWithTrue" classname="com.nowcoder.mavendemo1.app.AppTest" time="0.001"/>
</testsuite>